{"/home/travis/build/npmtest/node-npmtest-nprogress/test.js":{"path":"/home/travis/build/npmtest/node-npmtest-nprogress/test.js","s":{"1":2,"2":2,"3":2,"4":2,"5":2,"6":2,"7":2,"8":1,"9":2,"10":2,"11":1,"12":1,"13":1,"14":1,"15":2,"16":2,"17":2,"18":2,"19":1,"20":1,"21":2,"22":2,"23":2,"24":1,"25":1,"26":1,"27":1,"28":1,"29":1,"30":1,"31":1,"32":1,"33":1,"34":1,"35":1,"36":1,"37":1,"38":1,"39":2,"40":2,"41":1,"42":2,"43":2,"44":1,"45":2,"46":2,"47":1,"48":2,"49":2,"50":1,"51":1,"52":1,"53":1,"54":1},"b":{"1":[2,1,1,1],"2":[1,1,1,1],"3":[1,1],"4":[1,1],"5":[1,1],"6":[1,1],"7":[1,1],"8":[1,1],"9":[1,1],"10":[1,1,1],"11":[1,1],"12":[1,1],"13":[1,1],"14":[1,1],"15":[1,1],"16":[1,1],"17":[1,1]},"f":{"1":2,"2":2,"3":2,"4":2,"5":2,"6":1,"7":1,"8":1,"9":2,"10":2,"11":2,"12":2,"13":1},"fnMap":{"1":{"name":"(anonymous_1)","line":12,"loc":{"start":{"line":12,"column":1},"end":{"line":12,"column":13}}},"2":{"name":"(anonymous_2)","line":19,"loc":{"start":{"line":19,"column":5},"end":{"line":19,"column":17}}},"3":{"name":"(anonymous_3)","line":23,"loc":{"start":{"line":23,"column":24},"end":{"line":23,"column":36}}},"4":{"name":"(anonymous_4)","line":61,"loc":{"start":{"line":61,"column":5},"end":{"line":61,"column":17}}},"5":{"name":"(anonymous_5)","line":82,"loc":{"start":{"line":82,"column":5},"end":{"line":82,"column":17}}},"6":{"name":"(anonymous_6)","line":91,"loc":{"start":{"line":91,"column":77},"end":{"line":94,"column":10}}},"7":{"name":"(anonymous_7)","line":112,"loc":{"start":{"line":112,"column":83},"end":{"line":115,"column":10}},"skip":true},"8":{"name":"(anonymous_8)","line":123,"loc":{"start":{"line":123,"column":77},"end":{"line":126,"column":10}},"skip":true},"9":{"name":"(anonymous_9)","line":139,"loc":{"start":{"line":139,"column":12},"end":{"line":139,"column":40}},"skip":true},"10":{"name":"(anonymous_10)","line":147,"loc":{"start":{"line":147,"column":77},"end":{"line":150,"column":10}},"skip":true},"11":{"name":"(anonymous_11)","line":158,"loc":{"start":{"line":158,"column":83},"end":{"line":161,"column":10}},"skip":true},"12":{"name":"(anonymous_12)","line":169,"loc":{"start":{"line":169,"column":79},"end":{"line":172,"column":10}},"skip":true},"13":{"name":"(anonymous_13)","line":180,"loc":{"start":{"line":180,"column":75},"end":{"line":183,"column":10}},"skip":true}},"statementMap":{"1":{"start":{"line":12,"column":0},"end":{"line":195,"column":5}},"2":{"start":{"line":14,"column":4},"end":{"line":14,"column":14}},"3":{"start":{"line":19,"column":4},"end":{"line":56,"column":9}},"4":{"start":{"line":21,"column":8},"end":{"line":21,"column":19}},"5":{"start":{"line":23,"column":8},"end":{"line":35,"column":13}},"6":{"start":{"line":24,"column":12},"end":{"line":34,"column":13}},"7":{"start":{"line":25,"column":16},"end":{"line":28,"column":30}},"8":{"start":{"line":30,"column":16},"end":{"line":33,"column":27}},"9":{"start":{"line":37,"column":8},"end":{"line":39,"column":21}},"10":{"start":{"line":40,"column":8},"end":{"line":53,"column":9}},"11":{"start":{"line":43,"column":12},"end":{"line":46,"column":14}},"12":{"start":{"line":47,"column":12},"end":{"line":47,"column":18}},"13":{"start":{"line":50,"column":12},"end":{"line":51,"column":46}},"14":{"start":{"line":52,"column":12},"end":{"line":52,"column":18}},"15":{"start":{"line":55,"column":8},"end":{"line":55,"column":35}},"16":{"start":{"line":61,"column":4},"end":{"line":63,"column":9}},"17":{"start":{"line":62,"column":8},"end":{"line":62,"column":15}},"18":{"start":{"line":64,"column":4},"end":{"line":77,"column":5}},"19":{"start":{"line":70,"column":8},"end":{"line":70,"column":14}},"20":{"start":{"line":76,"column":8},"end":{"line":76,"column":14}},"21":{"start":{"line":82,"column":4},"end":{"line":84,"column":9}},"22":{"start":{"line":83,"column":8},"end":{"line":83,"column":15}},"23":{"start":{"line":85,"column":4},"end":{"line":194,"column":5}},"24":{"start":{"line":91,"column":8},"end":{"line":99,"column":10}},"25":{"start":{"line":98,"column":12},"end":{"line":98,"column":35}},"26":{"start":{"line":102,"column":8},"end":{"line":104,"column":63}},"27":{"start":{"line":105,"column":8},"end":{"line":105,"column":14}},"28":{"start":{"line":112,"column":8},"end":{"line":121,"column":10},"skip":true},"29":{"start":{"line":119,"column":12},"end":{"line":119,"column":55},"skip":true},"30":{"start":{"line":120,"column":12},"end":{"line":120,"column":48},"skip":true},"31":{"start":{"line":123,"column":8},"end":{"line":136,"column":10},"skip":true},"32":{"start":{"line":130,"column":12},"end":{"line":130,"column":76},"skip":true},"33":{"start":{"line":131,"column":12},"end":{"line":131,"column":73},"skip":true},"34":{"start":{"line":132,"column":12},"end":{"line":132,"column":74},"skip":true},"35":{"start":{"line":133,"column":12},"end":{"line":133,"column":79},"skip":true},"36":{"start":{"line":134,"column":12},"end":{"line":134,"column":25},"skip":true},"37":{"start":{"line":135,"column":12},"end":{"line":135,"column":45},"skip":true},"38":{"start":{"line":138,"column":8},"end":{"line":145,"column":14},"skip":true},"39":{"start":{"line":143,"column":16},"end":{"line":143,"column":29},"skip":true},"40":{"start":{"line":144,"column":16},"end":{"line":144,"column":55},"skip":true},"41":{"start":{"line":147,"column":8},"end":{"line":156,"column":10},"skip":true},"42":{"start":{"line":154,"column":12},"end":{"line":154,"column":25},"skip":true},"43":{"start":{"line":155,"column":12},"end":{"line":155,"column":45},"skip":true},"44":{"start":{"line":158,"column":8},"end":{"line":167,"column":10},"skip":true},"45":{"start":{"line":165,"column":12},"end":{"line":165,"column":25},"skip":true},"46":{"start":{"line":166,"column":12},"end":{"line":166,"column":48},"skip":true},"47":{"start":{"line":169,"column":8},"end":{"line":178,"column":10},"skip":true},"48":{"start":{"line":176,"column":12},"end":{"line":176,"column":25},"skip":true},"49":{"start":{"line":177,"column":12},"end":{"line":177,"column":46},"skip":true},"50":{"start":{"line":180,"column":8},"end":{"line":189,"column":10},"skip":true},"51":{"start":{"line":187,"column":12},"end":{"line":187,"column":94},"skip":true},"52":{"start":{"line":188,"column":12},"end":{"line":188,"column":48},"skip":true},"53":{"start":{"line":192,"column":8},"end":{"line":192,"column":35},"skip":true},"54":{"start":{"line":193,"column":8},"end":{"line":193,"column":14},"skip":true}},"branchMap":{"1":{"line":25,"type":"binary-expr","locations":[{"start":{"line":25,"column":23},"end":{"line":25,"column":62}},{"start":{"line":26,"column":20},"end":{"line":26,"column":70}},{"start":{"line":27,"column":20},"end":{"line":27,"column":71}},{"start":{"line":28,"column":20},"end":{"line":28,"column":29}}]},"2":{"line":30,"type":"binary-expr","locations":[{"start":{"line":30,"column":23},"end":{"line":30,"column":37}},{"start":{"line":31,"column":20},"end":{"line":31,"column":61}},{"start":{"line":32,"column":20},"end":{"line":32,"column":70}},{"start":{"line":33,"column":20},"end":{"line":33,"column":26}}]},"3":{"line":37,"type":"cond-expr","locations":[{"start":{"line":38,"column":14},"end":{"line":38,"column":20}},{"start":{"line":39,"column":14},"end":{"line":39,"column":20}}]},"4":{"line":40,"type":"switch","locations":[{"start":{"line":42,"column":8},"end":{"line":47,"column":18}},{"start":{"line":49,"column":8},"end":{"line":52,"column":18}}]},"5":{"line":44,"type":"binary-expr","locations":[{"start":{"line":44,"column":16},"end":{"line":44,"column":44}},{"start":{"line":44,"column":48},"end":{"line":44,"column":66}}]},"6":{"line":50,"type":"binary-expr","locations":[{"start":{"line":50,"column":21},"end":{"line":50,"column":49}},{"start":{"line":50,"column":53},"end":{"line":50,"column":72}}]},"7":{"line":64,"type":"switch","locations":[{"start":{"line":69,"column":4},"end":{"line":70,"column":14}},{"start":{"line":75,"column":4},"end":{"line":76,"column":14}}]},"8":{"line":85,"type":"switch","locations":[{"start":{"line":90,"column":4},"end":{"line":105,"column":14}},{"start":{"line":111,"column":4},"end":{"line":193,"column":14},"skip":true}]},"9":{"line":91,"type":"binary-expr","locations":[{"start":{"line":91,"column":42},"end":{"line":91,"column":73}},{"start":{"line":91,"column":77},"end":{"line":99,"column":9}}]},"10":{"line":102,"type":"binary-expr","locations":[{"start":{"line":102,"column":18},"end":{"line":102,"column":32}},{"start":{"line":103,"column":12},"end":{"line":103,"column":53}},{"start":{"line":104,"column":12},"end":{"line":104,"column":61}}]},"11":{"line":112,"type":"binary-expr","locations":[{"start":{"line":112,"column":45},"end":{"line":112,"column":79},"skip":true},{"start":{"line":112,"column":83},"end":{"line":121,"column":9},"skip":true}]},"12":{"line":123,"type":"binary-expr","locations":[{"start":{"line":123,"column":42},"end":{"line":123,"column":73},"skip":true},{"start":{"line":123,"column":77},"end":{"line":136,"column":9},"skip":true}]},"13":{"line":138,"type":"binary-expr","locations":[{"start":{"line":138,"column":48},"end":{"line":138,"column":85},"skip":true},{"start":{"line":139,"column":12},"end":{"line":145,"column":13},"skip":true}]},"14":{"line":147,"type":"binary-expr","locations":[{"start":{"line":147,"column":42},"end":{"line":147,"column":73},"skip":true},{"start":{"line":147,"column":77},"end":{"line":156,"column":9},"skip":true}]},"15":{"line":158,"type":"binary-expr","locations":[{"start":{"line":158,"column":45},"end":{"line":158,"column":79},"skip":true},{"start":{"line":158,"column":83},"end":{"line":167,"column":9},"skip":true}]},"16":{"line":169,"type":"binary-expr","locations":[{"start":{"line":169,"column":43},"end":{"line":169,"column":75},"skip":true},{"start":{"line":169,"column":79},"end":{"line":178,"column":9},"skip":true}]},"17":{"line":180,"type":"binary-expr","locations":[{"start":{"line":180,"column":41},"end":{"line":180,"column":71},"skip":true},{"start":{"line":180,"column":75},"end":{"line":189,"column":9},"skip":true}]}},"code":["/* istanbul instrument in package npmtest_nprogress */","/*jslint","    bitwise: true,","    browser: true,","    maxerr: 8,","    maxlen: 96,","    node: true,","    nomen: true,","    regexp: true,","    stupid: true","*/","(function () {","    'use strict';","    var local;","","","","    // run shared js-env code - pre-init","    (function () {","        // init local","        local = {};","        // init modeJs","        local.modeJs = (function () {","            try {","                return typeof navigator.userAgent === 'string' &&","                    typeof document.querySelector('body') === 'object' &&","                    typeof XMLHttpRequest.prototype.open === 'function' &&","                    'browser';","            } catch (errorCaughtBrowser) {","                return module.exports &&","                    typeof process.versions.node === 'string' &&","                    typeof require('http').createServer === 'function' &&","                    'node';","            }","        }());","        // init global","        local.global = local.modeJs === 'browser'","            ? window","            : global;","        switch (local.modeJs) {","        // re-init local from window.local","        case 'browser':","            local = local.global.utility2.objectSetDefault(","                local.global.utility2_rollup || local.global.local,","                local.global.utility2","            );","            break;","        // re-init local from example.js","        case 'node':","            local = (local.global.utility2_rollup || require('utility2'))","                .requireExampleJsFromReadme();","            break;","        }","        // export local","        local.global.local = local;","    }());","","","","    // run shared js-env code - function","    (function () {","        return;","    }());","    switch (local.modeJs) {","","","","    // run browser js-env code - function","    case 'browser':","        break;","","","","    // run node js-env code - function","    case 'node':","        break;","    }","","","","    // run shared js-env code - post-init","    (function () {","        return;","    }());","    switch (local.modeJs) {","","","","    // run browser js-env code - post-init","    case 'browser':","        local.testCase_browser_nullCase = local.testCase_browser_nullCase || function (","            options,","            onError","        ) {","        /*","         * this function will test browsers's null-case handling-behavior-behavior","         */","            onError(null, options);","        };","","        // run tests","        local.nop(local.modeTest &&","            document.querySelector('#testRunButton1') &&","            document.querySelector('#testRunButton1').click());","        break;","","","","    // run node js-env code - post-init","    /* istanbul ignore next */","    case 'node':","        local.testCase_buildApidoc_default = local.testCase_buildApidoc_default || function (","            options,","            onError","        ) {","        /*","         * this function will test buildApidoc's default handling-behavior-behavior","         */","            options = { modulePathList: module.paths };","            local.buildApidoc(options, onError);","        };","","        local.testCase_buildApp_default = local.testCase_buildApp_default || function (","            options,","            onError","        ) {","        /*","         * this function will test buildApp's default handling-behavior-behavior","         */","            local.testCase_buildReadme_default(options, local.onErrorThrow);","            local.testCase_buildLib_default(options, local.onErrorThrow);","            local.testCase_buildTest_default(options, local.onErrorThrow);","            local.testCase_buildCustomOrg_default(options, local.onErrorThrow);","            options = [];","            local.buildApp(options, onError);","        };","","        local.testCase_buildCustomOrg_default = local.testCase_buildCustomOrg_default ||","            function (options, onError) {","            /*","             * this function will test buildCustomOrg's default handling-behavior","             */","                options = {};","                local.buildCustomOrg(options, onError);","            };","","        local.testCase_buildLib_default = local.testCase_buildLib_default || function (","            options,","            onError","        ) {","        /*","         * this function will test buildLib's default handling-behavior","         */","            options = {};","            local.buildLib(options, onError);","        };","","        local.testCase_buildReadme_default = local.testCase_buildReadme_default || function (","            options,","            onError","        ) {","        /*","         * this function will test buildReadme's default handling-behavior-behavior","         */","            options = {};","            local.buildReadme(options, onError);","        };","","        local.testCase_buildTest_default = local.testCase_buildTest_default || function (","            options,","            onError","        ) {","        /*","         * this function will test buildTest's default handling-behavior","         */","            options = {};","            local.buildTest(options, onError);","        };","","        local.testCase_webpage_default = local.testCase_webpage_default || function (","            options,","            onError","        ) {","        /*","         * this function will test webpage's default handling-behavior","         */","            options = { modeCoverageMerge: true, url: local.serverLocalHost + '?modeTest=1' };","            local.browserTest(options, onError);","        };","","        // run test-server","        local.testRunServer(local);","        break;","    }","}());",""],"l":{"12":2,"14":2,"19":2,"21":2,"23":2,"24":2,"25":2,"30":1,"37":2,"40":2,"43":1,"47":1,"50":1,"52":1,"55":2,"61":2,"62":2,"64":2,"70":1,"76":1,"82":2,"83":2,"85":2,"91":1,"98":1,"102":1,"105":1,"112":1,"119":1,"120":1,"123":1,"130":1,"131":1,"132":1,"133":1,"134":1,"135":1,"138":1,"143":2,"144":2,"147":1,"154":2,"155":2,"158":1,"165":2,"166":2,"169":1,"176":2,"177":2,"180":1,"187":1,"188":1,"192":1,"193":1}},"/home/travis/build/npmtest/node-npmtest-nprogress/lib.npmtest_nprogress.js":{"path":"/home/travis/build/npmtest/node-npmtest-nprogress/lib.npmtest_nprogress.js","s":{"1":2,"2":2,"3":2,"4":2,"5":2,"6":2,"7":2,"8":1,"9":2,"10":2,"11":2,"12":2,"13":1,"14":1,"15":1,"16":1},"b":{"1":[2,1,1,1],"2":[1,1,1,1],"3":[1,1],"4":[2,2],"5":[1,1]},"f":{"1":2,"2":2,"3":2},"fnMap":{"1":{"name":"(anonymous_1)","line":12,"loc":{"start":{"line":12,"column":1},"end":{"line":12,"column":13}}},"2":{"name":"(anonymous_2)","line":19,"loc":{"start":{"line":19,"column":5},"end":{"line":19,"column":17}}},"3":{"name":"(anonymous_3)","line":23,"loc":{"start":{"line":23,"column":24},"end":{"line":23,"column":36}}}},"statementMap":{"1":{"start":{"line":12,"column":0},"end":{"line":53,"column":5}},"2":{"start":{"line":14,"column":4},"end":{"line":14,"column":14}},"3":{"start":{"line":19,"column":4},"end":{"line":52,"column":9}},"4":{"start":{"line":21,"column":8},"end":{"line":21,"column":19}},"5":{"start":{"line":23,"column":8},"end":{"line":35,"column":13}},"6":{"start":{"line":24,"column":12},"end":{"line":34,"column":13}},"7":{"start":{"line":25,"column":16},"end":{"line":28,"column":30}},"8":{"start":{"line":30,"column":16},"end":{"line":33,"column":27}},"9":{"start":{"line":37,"column":8},"end":{"line":39,"column":21}},"10":{"start":{"line":41,"column":8},"end":{"line":41,"column":54}},"11":{"start":{"line":43,"column":8},"end":{"line":43,"column":54}},"12":{"start":{"line":45,"column":8},"end":{"line":51,"column":9}},"13":{"start":{"line":46,"column":12},"end":{"line":46,"column":60}},"14":{"start":{"line":48,"column":12},"end":{"line":48,"column":35}},"15":{"start":{"line":49,"column":12},"end":{"line":49,"column":49}},"16":{"start":{"line":50,"column":12},"end":{"line":50,"column":43}}},"branchMap":{"1":{"line":25,"type":"binary-expr","locations":[{"start":{"line":25,"column":23},"end":{"line":25,"column":62}},{"start":{"line":26,"column":20},"end":{"line":26,"column":70}},{"start":{"line":27,"column":20},"end":{"line":27,"column":71}},{"start":{"line":28,"column":20},"end":{"line":28,"column":29}}]},"2":{"line":30,"type":"binary-expr","locations":[{"start":{"line":30,"column":23},"end":{"line":30,"column":37}},{"start":{"line":31,"column":20},"end":{"line":31,"column":61}},{"start":{"line":32,"column":20},"end":{"line":32,"column":70}},{"start":{"line":33,"column":20},"end":{"line":33,"column":26}}]},"3":{"line":37,"type":"cond-expr","locations":[{"start":{"line":38,"column":14},"end":{"line":38,"column":20}},{"start":{"line":39,"column":14},"end":{"line":39,"column":20}}]},"4":{"line":41,"type":"binary-expr","locations":[{"start":{"line":41,"column":16},"end":{"line":41,"column":44}},{"start":{"line":41,"column":48},"end":{"line":41,"column":53}}]},"5":{"line":45,"type":"if","locations":[{"start":{"line":45,"column":8},"end":{"line":45,"column":8}},{"start":{"line":45,"column":8},"end":{"line":45,"column":8}}]}},"code":["/* istanbul instrument in package npmtest_nprogress */","/*jslint","    bitwise: true,","    browser: true,","    maxerr: 8,","    maxlen: 96,","    node: true,","    nomen: true,","    regexp: true,","    stupid: true","*/","(function () {","    'use strict';","    var local;","","","","    // run shared js-env code - pre-init","    (function () {","        // init local","        local = {};","        // init modeJs","        local.modeJs = (function () {","            try {","                return typeof navigator.userAgent === 'string' &&","                    typeof document.querySelector('body') === 'object' &&","                    typeof XMLHttpRequest.prototype.open === 'function' &&","                    'browser';","            } catch (errorCaughtBrowser) {","                return module.exports &&","                    typeof process.versions.node === 'string' &&","                    typeof require('http').createServer === 'function' &&","                    'node';","            }","        }());","        // init global","        local.global = local.modeJs === 'browser'","            ? window","            : global;","        // init utility2_rollup","        local = local.global.utility2_rollup || local;","        // init lib","        local.local = local.npmtest_nprogress = local;","        // init exports","        if (local.modeJs === 'browser') {","            local.global.utility2_npmtest_nprogress = local;","        } else {","            module.exports = local;","            module.exports.__dirname = __dirname;","            module.exports.module = module;","        }","    }());","}());",""],"l":{"12":2,"14":2,"19":2,"21":2,"23":2,"24":2,"25":2,"30":1,"37":2,"41":2,"43":2,"45":2,"46":1,"48":1,"49":1,"50":1}},"/home/travis/build/npmtest/node-npmtest-nprogress/example.js":{"path":"/home/travis/build/npmtest/node-npmtest-nprogress/example.js","s":{"1":2,"2":2,"3":2,"4":2,"5":2,"6":2,"7":2,"8":1,"9":2,"10":2,"11":2,"12":2,"13":1,"14":2,"15":2,"16":2,"17":2,"18":2,"19":0,"20":2,"21":1,"22":1,"23":1,"24":1,"25":1,"26":0,"27":0,"28":1,"29":1,"30":2,"31":0,"32":0,"33":0,"34":1,"35":2,"36":2,"37":3,"38":3,"39":3,"40":3,"41":0,"42":3,"43":3,"44":3,"45":1,"46":3,"47":1,"48":1,"49":1,"50":1,"51":1,"52":1,"53":1,"54":1,"55":1,"56":1,"57":0,"58":1,"59":6,"60":6,"61":1,"62":2,"63":0,"64":2,"65":1,"66":1,"67":0,"68":0,"69":0,"70":0,"71":0,"72":0,"73":0,"74":0,"75":0,"76":0,"77":0,"78":0,"79":0,"80":0,"81":0,"82":0,"83":0},"b":{"1":[2,1,1,1],"2":[1,1,1,1],"3":[1,1],"4":[2,2],"5":[1,1],"6":[1,1],"7":[2,0],"8":[2,1,1,1,1,1],"9":[0,2,0],"10":[1,1],"11":[2,1,1],"12":[1,0],"13":[0,2],"14":[2,0,0,0,0,0,0],"15":[0,3],"16":[3,0],"17":[1,1],"18":[0,1],"19":[1,2,0,2],"20":[1,0],"21":[1,1],"22":[0,0],"23":[0,0],"24":[0,0],"25":[0,0],"26":[0,0],"27":[0,0],"28":[0,0]},"f":{"1":2,"2":2,"3":2,"4":2,"5":2,"6":2,"7":3,"8":3,"9":3,"10":1,"11":6,"12":0},"fnMap":{"1":{"name":"(anonymous_1)","line":26,"loc":{"start":{"line":26,"column":1},"end":{"line":26,"column":13}}},"2":{"name":"(anonymous_2)","line":33,"loc":{"start":{"line":33,"column":5},"end":{"line":33,"column":17}}},"3":{"name":"(anonymous_3)","line":37,"loc":{"start":{"line":37,"column":24},"end":{"line":37,"column":36}}},"4":{"name":"(anonymous_4)","line":69,"loc":{"start":{"line":69,"column":31},"end":{"line":69,"column":48}},"skip":true},"5":{"name":"(anonymous_5)","line":78,"loc":{"start":{"line":78,"column":26},"end":{"line":78,"column":45}},"skip":true},"6":{"name":"(anonymous_6)","line":123,"loc":{"start":{"line":123,"column":33},"end":{"line":123,"column":48}},"skip":true},"7":{"name":"(anonymous_7)","line":125,"loc":{"start":{"line":125,"column":27},"end":{"line":125,"column":39}},"skip":true},"8":{"name":"(anonymous_8)","line":133,"loc":{"start":{"line":133,"column":59},"end":{"line":133,"column":74}},"skip":true},"9":{"name":"(anonymous_9)","line":143,"loc":{"start":{"line":143,"column":45},"end":{"line":143,"column":62}},"skip":true},"10":{"name":"(anonymous_10)","line":144,"loc":{"start":{"line":144,"column":73},"end":{"line":144,"column":92}},"skip":true},"11":{"name":"(anonymous_11)","line":272,"loc":{"start":{"line":272,"column":51},"end":{"line":272,"column":77}},"skip":true},"12":{"name":"(anonymous_12)","line":315,"loc":{"start":{"line":315,"column":32},"end":{"line":315,"column":61}},"skip":true}},"statementMap":{"1":{"start":{"line":26,"column":0},"end":{"line":326,"column":5}},"2":{"start":{"line":28,"column":4},"end":{"line":28,"column":14}},"3":{"start":{"line":33,"column":4},"end":{"line":60,"column":9}},"4":{"start":{"line":35,"column":8},"end":{"line":35,"column":19}},"5":{"start":{"line":37,"column":8},"end":{"line":49,"column":13}},"6":{"start":{"line":38,"column":12},"end":{"line":48,"column":13}},"7":{"start":{"line":39,"column":16},"end":{"line":42,"column":30}},"8":{"start":{"line":44,"column":16},"end":{"line":47,"column":27}},"9":{"start":{"line":51,"column":8},"end":{"line":53,"column":21}},"10":{"start":{"line":55,"column":8},"end":{"line":57,"column":45}},"11":{"start":{"line":59,"column":8},"end":{"line":59,"column":35}},"12":{"start":{"line":61,"column":4},"end":{"line":325,"column":5}},"13":{"start":{"line":69,"column":8},"end":{"line":121,"column":10},"skip":true},"14":{"start":{"line":70,"column":12},"end":{"line":88,"column":13},"skip":true},"15":{"start":{"line":76,"column":16},"end":{"line":87,"column":19},"skip":true},"16":{"start":{"line":79,"column":20},"end":{"line":86,"column":21},"skip":true},"17":{"start":{"line":82,"column":24},"end":{"line":82,"column":43},"skip":true},"18":{"start":{"line":83,"column":24},"end":{"line":83,"column":30},"skip":true},"19":{"start":{"line":85,"column":24},"end":{"line":85,"column":49},"skip":true},"20":{"start":{"line":89,"column":12},"end":{"line":107,"column":13},"skip":true},"21":{"start":{"line":92,"column":16},"end":{"line":102,"column":17},"skip":true},"22":{"start":{"line":93,"column":20},"end":{"line":93,"column":86},"skip":true},"23":{"start":{"line":94,"column":20},"end":{"line":95,"column":45},"skip":true},"24":{"start":{"line":96,"column":20},"end":{"line":96,"column":42},"skip":true},"25":{"start":{"line":97,"column":20},"end":{"line":97,"column":48},"skip":true},"26":{"start":{"line":100,"column":20},"end":{"line":100,"column":85},"skip":true},"27":{"start":{"line":101,"column":20},"end":{"line":101,"column":96},"skip":true},"28":{"start":{"line":103,"column":16},"end":{"line":103,"column":22},"skip":true},"29":{"start":{"line":106,"column":16},"end":{"line":106,"column":22},"skip":true},"30":{"start":{"line":108,"column":12},"end":{"line":120,"column":13},"skip":true},"31":{"start":{"line":114,"column":16},"end":{"line":119,"column":17},"skip":true},"32":{"start":{"line":116,"column":20},"end":{"line":116,"column":78},"skip":true},"33":{"start":{"line":118,"column":20},"end":{"line":118,"column":47},"skip":true},"34":{"start":{"line":123,"column":8},"end":{"line":141,"column":11},"skip":true},"35":{"start":{"line":124,"column":12},"end":{"line":124,"column":54},"skip":true},"36":{"start":{"line":125,"column":12},"end":{"line":140,"column":14},"skip":true},"37":{"start":{"line":126,"column":16},"end":{"line":126,"column":28},"skip":true},"38":{"start":{"line":127,"column":16},"end":{"line":127,"column":69},"skip":true},"39":{"start":{"line":128,"column":16},"end":{"line":128,"column":75},"skip":true},"40":{"start":{"line":129,"column":16},"end":{"line":131,"column":17},"skip":true},"41":{"start":{"line":130,"column":20},"end":{"line":130,"column":27},"skip":true},"42":{"start":{"line":133,"column":16},"end":{"line":137,"column":36},"skip":true},"43":{"start":{"line":134,"column":20},"end":{"line":136,"column":55},"skip":true},"44":{"start":{"line":139,"column":16},"end":{"line":139,"column":57},"skip":true},"45":{"start":{"line":143,"column":8},"end":{"line":147,"column":11},"skip":true},"46":{"start":{"line":144,"column":12},"end":{"line":146,"column":15},"skip":true},"47":{"start":{"line":145,"column":16},"end":{"line":145,"column":70},"skip":true},"48":{"start":{"line":149,"column":8},"end":{"line":149,"column":31},"skip":true},"49":{"start":{"line":150,"column":8},"end":{"line":150,"column":14},"skip":true},"50":{"start":{"line":158,"column":8},"end":{"line":158,"column":31},"skip":true},"51":{"start":{"line":160,"column":8},"end":{"line":160,"column":33},"skip":true},"52":{"start":{"line":161,"column":8},"end":{"line":161,"column":37},"skip":true},"53":{"start":{"line":162,"column":8},"end":{"line":162,"column":35},"skip":true},"54":{"start":{"line":164,"column":8},"end":{"line":164,"column":50},"skip":true},"55":{"start":{"line":166,"column":8},"end":{"line":256,"column":2},"skip":true},"56":{"start":{"line":258,"column":8},"end":{"line":286,"column":9},"skip":true},"57":{"start":{"line":259,"column":12},"end":{"line":269,"column":14},"skip":true},"58":{"start":{"line":271,"column":12},"end":{"line":285,"column":19},"skip":true},"59":{"start":{"line":274,"column":20},"end":{"line":274,"column":35},"skip":true},"60":{"start":{"line":275,"column":20},"end":{"line":284,"column":21},"skip":true},"61":{"start":{"line":277,"column":24},"end":{"line":277,"column":64},"skip":true},"62":{"start":{"line":279,"column":24},"end":{"line":279,"column":40},"skip":true},"63":{"start":{"line":281,"column":24},"end":{"line":281,"column":40},"skip":true},"64":{"start":{"line":283,"column":24},"end":{"line":283,"column":39},"skip":true},"65":{"start":{"line":288,"column":8},"end":{"line":290,"column":9},"skip":true},"66":{"start":{"line":289,"column":12},"end":{"line":289,"column":18},"skip":true},"67":{"start":{"line":291,"column":8},"end":{"line":293,"column":54},"skip":true},"68":{"start":{"line":296,"column":8},"end":{"line":301,"column":37},"skip":true},"69":{"start":{"line":303,"column":8},"end":{"line":303,"column":82},"skip":true},"70":{"start":{"line":306,"column":8},"end":{"line":308,"column":9},"skip":true},"71":{"start":{"line":307,"column":12},"end":{"line":307,"column":82},"skip":true},"72":{"start":{"line":310,"column":8},"end":{"line":312,"column":9},"skip":true},"73":{"start":{"line":311,"column":12},"end":{"line":311,"column":18},"skip":true},"74":{"start":{"line":313,"column":8},"end":{"line":313,"column":54},"skip":true},"75":{"start":{"line":314,"column":8},"end":{"line":314,"column":69},"skip":true},"76":{"start":{"line":315,"column":8},"end":{"line":323,"column":36},"skip":true},"77":{"start":{"line":316,"column":12},"end":{"line":316,"column":61},"skip":true},"78":{"start":{"line":317,"column":12},"end":{"line":320,"column":13},"skip":true},"79":{"start":{"line":318,"column":16},"end":{"line":318,"column":75},"skip":true},"80":{"start":{"line":319,"column":16},"end":{"line":319,"column":23},"skip":true},"81":{"start":{"line":321,"column":12},"end":{"line":321,"column":38},"skip":true},"82":{"start":{"line":322,"column":12},"end":{"line":322,"column":27},"skip":true},"83":{"start":{"line":324,"column":8},"end":{"line":324,"column":14},"skip":true}},"branchMap":{"1":{"line":39,"type":"binary-expr","locations":[{"start":{"line":39,"column":23},"end":{"line":39,"column":62}},{"start":{"line":40,"column":20},"end":{"line":40,"column":70}},{"start":{"line":41,"column":20},"end":{"line":41,"column":71}},{"start":{"line":42,"column":20},"end":{"line":42,"column":29}}]},"2":{"line":44,"type":"binary-expr","locations":[{"start":{"line":44,"column":23},"end":{"line":44,"column":37}},{"start":{"line":45,"column":20},"end":{"line":45,"column":61}},{"start":{"line":46,"column":20},"end":{"line":46,"column":70}},{"start":{"line":47,"column":20},"end":{"line":47,"column":26}}]},"3":{"line":51,"type":"cond-expr","locations":[{"start":{"line":52,"column":14},"end":{"line":52,"column":20}},{"start":{"line":53,"column":14},"end":{"line":53,"column":20}}]},"4":{"line":55,"type":"binary-expr","locations":[{"start":{"line":55,"column":16},"end":{"line":55,"column":44}},{"start":{"line":55,"column":49},"end":{"line":57,"column":43}}]},"5":{"line":55,"type":"cond-expr","locations":[{"start":{"line":56,"column":14},"end":{"line":56,"column":53}},{"start":{"line":57,"column":14},"end":{"line":57,"column":43}}]},"6":{"line":61,"type":"switch","locations":[{"start":{"line":68,"column":4},"end":{"line":150,"column":14},"skip":true},{"start":{"line":156,"column":4},"end":{"line":324,"column":14},"skip":true}]},"7":{"line":70,"type":"if","locations":[{"start":{"line":70,"column":12},"end":{"line":70,"column":12},"skip":true},{"start":{"line":70,"column":12},"end":{"line":70,"column":12},"skip":true}]},"8":{"line":70,"type":"binary-expr","locations":[{"start":{"line":70,"column":16},"end":{"line":70,"column":22},"skip":true},{"start":{"line":70,"column":27},"end":{"line":70,"column":32},"skip":true},{"start":{"line":71,"column":20},"end":{"line":71,"column":39},"skip":true},{"start":{"line":72,"column":20},"end":{"line":72,"column":49},"skip":true},{"start":{"line":73,"column":20},"end":{"line":73,"column":58},"skip":true},{"start":{"line":74,"column":20},"end":{"line":74,"column":69},"skip":true}]},"9":{"line":79,"type":"switch","locations":[{"start":{"line":80,"column":20},"end":{"line":80,"column":33},"skip":true},{"start":{"line":81,"column":20},"end":{"line":83,"column":30},"skip":true},{"start":{"line":84,"column":20},"end":{"line":85,"column":49},"skip":true}]},"10":{"line":89,"type":"switch","locations":[{"start":{"line":90,"column":12},"end":{"line":103,"column":22},"skip":true},{"start":{"line":105,"column":12},"end":{"line":106,"column":22},"skip":true}]},"11":{"line":89,"type":"binary-expr","locations":[{"start":{"line":89,"column":20},"end":{"line":89,"column":25},"skip":true},{"start":{"line":89,"column":29},"end":{"line":89,"column":48},"skip":true},{"start":{"line":89,"column":52},"end":{"line":89,"column":74},"skip":true}]},"12":{"line":92,"type":"if","locations":[{"start":{"line":92,"column":16},"end":{"line":92,"column":16},"skip":true},{"start":{"line":92,"column":16},"end":{"line":92,"column":16},"skip":true}]},"13":{"line":108,"type":"if","locations":[{"start":{"line":108,"column":12},"end":{"line":108,"column":12},"skip":true},{"start":{"line":108,"column":12},"end":{"line":108,"column":12},"skip":true}]},"14":{"line":108,"type":"binary-expr","locations":[{"start":{"line":108,"column":16},"end":{"line":108,"column":61},"skip":true},{"start":{"line":108,"column":66},"end":{"line":108,"column":72},"skip":true},{"start":{"line":108,"column":77},"end":{"line":108,"column":82},"skip":true},{"start":{"line":109,"column":20},"end":{"line":109,"column":39},"skip":true},{"start":{"line":110,"column":20},"end":{"line":110,"column":49},"skip":true},{"start":{"line":111,"column":20},"end":{"line":111,"column":58},"skip":true},{"start":{"line":112,"column":20},"end":{"line":112,"column":68},"skip":true}]},"15":{"line":129,"type":"if","locations":[{"start":{"line":129,"column":16},"end":{"line":129,"column":16},"skip":true},{"start":{"line":129,"column":16},"end":{"line":129,"column":16},"skip":true}]},"16":{"line":134,"type":"cond-expr","locations":[{"start":{"line":135,"column":26},"end":{"line":135,"column":29},"skip":true},{"start":{"line":136,"column":26},"end":{"line":136,"column":54},"skip":true}]},"17":{"line":164,"type":"binary-expr","locations":[{"start":{"line":164,"column":27},"end":{"line":164,"column":43},"skip":true},{"start":{"line":164,"column":47},"end":{"line":164,"column":49},"skip":true}]},"18":{"line":258,"type":"if","locations":[{"start":{"line":258,"column":8},"end":{"line":258,"column":8},"skip":true},{"start":{"line":258,"column":8},"end":{"line":258,"column":8},"skip":true}]},"19":{"line":275,"type":"switch","locations":[{"start":{"line":276,"column":20},"end":{"line":277,"column":64},"skip":true},{"start":{"line":278,"column":20},"end":{"line":279,"column":40},"skip":true},{"start":{"line":280,"column":20},"end":{"line":281,"column":40},"skip":true},{"start":{"line":282,"column":20},"end":{"line":283,"column":39},"skip":true}]},"20":{"line":288,"type":"if","locations":[{"start":{"line":288,"column":8},"end":{"line":288,"column":8},"skip":true},{"start":{"line":288,"column":8},"end":{"line":288,"column":8},"skip":true}]},"21":{"line":288,"type":"binary-expr","locations":[{"start":{"line":288,"column":12},"end":{"line":288,"column":40},"skip":true},{"start":{"line":288,"column":44},"end":{"line":288,"column":67},"skip":true}]},"22":{"line":292,"type":"binary-expr","locations":[{"start":{"line":292,"column":12},"end":{"line":292,"column":50},"skip":true},{"start":{"line":293,"column":12},"end":{"line":293,"column":53},"skip":true}]},"23":{"line":297,"type":"binary-expr","locations":[{"start":{"line":297,"column":12},"end":{"line":297,"column":67},"skip":true},{"start":{"line":298,"column":12},"end":{"line":301,"column":36},"skip":true}]},"24":{"line":303,"type":"binary-expr","locations":[{"start":{"line":303,"column":43},"end":{"line":303,"column":75},"skip":true},{"start":{"line":303,"column":79},"end":{"line":303,"column":81},"skip":true}]},"25":{"line":306,"type":"if","locations":[{"start":{"line":306,"column":8},"end":{"line":306,"column":8},"skip":true},{"start":{"line":306,"column":8},"end":{"line":306,"column":8},"skip":true}]},"26":{"line":310,"type":"if","locations":[{"start":{"line":310,"column":8},"end":{"line":310,"column":8},"skip":true},{"start":{"line":310,"column":8},"end":{"line":310,"column":8},"skip":true}]},"27":{"line":313,"type":"binary-expr","locations":[{"start":{"line":313,"column":27},"end":{"line":313,"column":43},"skip":true},{"start":{"line":313,"column":47},"end":{"line":313,"column":53},"skip":true}]},"28":{"line":317,"type":"if","locations":[{"start":{"line":317,"column":12},"end":{"line":317,"column":12},"skip":true},{"start":{"line":317,"column":12},"end":{"line":317,"column":12},"skip":true}]}},"code":["/*","example.js","","quickstart example","","instruction","    1. save this script as example.js","    2. run the shell command:","        $ npm install npmtest-nprogress && PORT=8081 node example.js","    3. play with the browser-demo on http://127.0.0.1:8081","*/","","","","/* istanbul instrument in package npmtest_nprogress */","/*jslint","    bitwise: true,","    browser: true,","    maxerr: 8,","    maxlen: 96,","    node: true,","    nomen: true,","    regexp: true,","    stupid: true","*/","(function () {","    'use strict';","    var local;","","","","    // run shared js-env code - pre-init","    (function () {","        // init local","        local = {};","        // init modeJs","        local.modeJs = (function () {","            try {","                return typeof navigator.userAgent === 'string' &&","                    typeof document.querySelector('body') === 'object' &&","                    typeof XMLHttpRequest.prototype.open === 'function' &&","                    'browser';","            } catch (errorCaughtBrowser) {","                return module.exports &&","                    typeof process.versions.node === 'string' &&","                    typeof require('http').createServer === 'function' &&","                    'node';","            }","        }());","        // init global","        local.global = local.modeJs === 'browser'","            ? window","            : global;","        // init utility2_rollup","        local = local.global.utility2_rollup || (local.modeJs === 'browser'","            ? local.global.utility2_npmtest_nprogress","            : global.utility2_moduleExports);","        // export local","        local.global.local = local;","    }());","    switch (local.modeJs) {","","","","    // post-init","    // run browser js-env code - post-init","    /* istanbul ignore next */","    case 'browser':","        local.testRunBrowser = function (event) {","            if (!event || (event &&","                    event.currentTarget &&","                    event.currentTarget.className &&","                    event.currentTarget.className.includes &&","                    event.currentTarget.className.includes('onreset'))) {","                // reset output","                Array.from(","                    document.querySelectorAll('body > .resettable')","                ).forEach(function (element) {","                    switch (element.tagName) {","                    case 'INPUT':","                    case 'TEXTAREA':","                        element.value = '';","                        break;","                    default:","                        element.textContent = '';","                    }","                });","            }","            switch (event && event.currentTarget && event.currentTarget.id) {","            case 'testRunButton1':","                // show tests","                if (document.querySelector('#testReportDiv1').style.display === 'none') {","                    document.querySelector('#testReportDiv1').style.display = 'block';","                    document.querySelector('#testRunButton1').textContent =","                        'hide internal test';","                    local.modeTest = true;","                    local.testRunDefault(local);","                // hide tests","                } else {","                    document.querySelector('#testReportDiv1').style.display = 'none';","                    document.querySelector('#testRunButton1').textContent = 'run internal test';","                }","                break;","            // custom-case","            default:","                break;","            }","            if (document.querySelector('#inputTextareaEval1') && (!event || (event &&","                    event.currentTarget &&","                    event.currentTarget.className &&","                    event.currentTarget.className.includes &&","                    event.currentTarget.className.includes('oneval')))) {","                // try to eval input-code","                try {","                    /*jslint evil: true*/","                    eval(document.querySelector('#inputTextareaEval1').value);","                } catch (errorCaught) {","                    console.error(errorCaught);","                }","            }","        };","        // log stderr and stdout to #outputTextareaStdout1","        ['error', 'log'].forEach(function (key) {","            console[key + '_original'] = console[key];","            console[key] = function () {","                var element;","                console[key + '_original'].apply(console, arguments);","                element = document.querySelector('#outputTextareaStdout1');","                if (!element) {","                    return;","                }","                // append text to #outputTextareaStdout1","                element.value += Array.from(arguments).map(function (arg) {","                    return typeof arg === 'string'","                        ? arg","                        : JSON.stringify(arg, null, 4);","                }).join(' ') + '\\n';","                // scroll textarea to bottom","                element.scrollTop = element.scrollHeight;","            };","        });","        // init event-handling","        ['change', 'click', 'keyup'].forEach(function (event) {","            Array.from(document.querySelectorAll('.on' + event)).forEach(function (element) {","                element.addEventListener(event, local.testRunBrowser);","            });","        });","        // run tests","        local.testRunBrowser();","        break;","","","","    // run node js-env code - post-init","    /* istanbul ignore next */","    case 'node':","        // export local","        module.exports = local;","        // require modules","        local.fs = require('fs');","        local.http = require('http');","        local.url = require('url');","        // init assets","        local.assetsDict = local.assetsDict || {};","        /* jslint-ignore-begin */","        local.assetsDict['/assets.index.template.html'] = '\\","<!doctype html>\\n\\","<html lang=\"en\">\\n\\","<head>\\n\\","<meta charset=\"UTF-8\">\\n\\","<meta name=\"viewport\" content=\"width=device-width, initial-scale=1\">\\n\\","<title>{{env.npm_package_name}} (v{{env.npm_package_version}})</title>\\n\\","<style>\\n\\","/*csslint\\n\\","    box-sizing: false,\\n\\","    universal-selector: false\\n\\","*/\\n\\","* {\\n\\","    box-sizing: border-box;\\n\\","}\\n\\","body {\\n\\","    background: #dde;\\n\\","    font-family: Arial, Helvetica, sans-serif;\\n\\","    margin: 2rem;\\n\\","}\\n\\","body > * {\\n\\","    margin-bottom: 1rem;\\n\\","}\\n\\",".utility2FooterDiv {\\n\\","    margin-top: 20px;\\n\\","    text-align: center;\\n\\","}\\n\\","</style>\\n\\","<style>\\n\\","/*csslint\\n\\","*/\\n\\","textarea {\\n\\","    font-family: monospace;\\n\\","    height: 10rem;\\n\\","    width: 100%;\\n\\","}\\n\\","textarea[readonly] {\\n\\","    background: #ddd;\\n\\","}\\n\\","</style>\\n\\","</head>\\n\\","<body>\\n\\","<!-- utility2-comment\\n\\","<div id=\"ajaxProgressDiv1\" style=\"background: #d00; height: 2px; left: 0; margin: 0; padding: 0; position: fixed; top: 0; transition: background 0.5s, width 1.5s; width: 25%;\"></div>\\n\\","utility2-comment -->\\n\\","<h1>\\n\\","<!-- utility2-comment\\n\\","    <a\\n\\","        {{#if env.npm_package_homepage}}\\n\\","        href=\"{{env.npm_package_homepage}}\"\\n\\","        {{/if env.npm_package_homepage}}\\n\\","        target=\"_blank\"\\n\\","    >\\n\\","utility2-comment -->\\n\\","        {{env.npm_package_name}} (v{{env.npm_package_version}})\\n\\","<!-- utility2-comment\\n\\","    </a>\\n\\","utility2-comment -->\\n\\","</h1>\\n\\","<h3>{{env.npm_package_description}}</h3>\\n\\","<!-- utility2-comment\\n\\","<h4><a download href=\"assets.app.js\">download standalone app</a></h4>\\n\\","<button class=\"onclick onreset\" id=\"testRunButton1\">run internal test</button><br>\\n\\","<div id=\"testReportDiv1\" style=\"display: none;\"></div>\\n\\","utility2-comment -->\\n\\","\\n\\","\\n\\","\\n\\","<label>stderr and stdout</label>\\n\\","<textarea class=\"resettable\" id=\"outputTextareaStdout1\" readonly></textarea>\\n\\","<!-- utility2-comment\\n\\","{{#if isRollup}}\\n\\","<script src=\"assets.app.js\"></script>\\n\\","{{#unless isRollup}}\\n\\","utility2-comment -->\\n\\","<script src=\"assets.utility2.rollup.js\"></script>\\n\\","<script src=\"jsonp.utility2._stateInit?callback=window.utility2._stateInit\"></script>\\n\\","<script src=\"assets.npmtest_nprogress.rollup.js\"></script>\\n\\","<script src=\"assets.example.js\"></script>\\n\\","<script src=\"assets.test.js\"></script>\\n\\","<!-- utility2-comment\\n\\","{{/if isRollup}}\\n\\","utility2-comment -->\\n\\","<div class=\"utility2FooterDiv\">\\n\\","    [ this app was created with\\n\\","    <a href=\"https://github.com/kaizhu256/node-utility2\" target=\"_blank\">utility2</a>\\n\\","    ]\\n\\","</div>\\n\\","</body>\\n\\","</html>\\n\\","';","        /* jslint-ignore-end */","        if (local.templateRender) {","            local.assetsDict['/'] = local.templateRender(","                local.assetsDict['/assets.index.template.html'],","                {","                    env: local.objectSetDefault(local.env, {","                        npm_package_description: 'the greatest app in the world!',","                        npm_package_name: 'my-app',","                        npm_package_nameAlias: 'my_app',","                        npm_package_version: '0.0.1'","                    })","                }","            );","        } else {","            local.assetsDict['/'] = local.assetsDict['/assets.index.template.html']","                .replace((/\\{\\{env\\.(\\w+?)\\}\\}/g), function (match0, match1) {","                    // jslint-hack","                    String(match0);","                    switch (match1) {","                    case 'npm_package_description':","                        return 'the greatest app in the world!';","                    case 'npm_package_name':","                        return 'my-app';","                    case 'npm_package_nameAlias':","                        return 'my_app';","                    case 'npm_package_version':","                        return '0.0.1';","                    }","                });","        }","        // run the cli","        if (local.global.utility2_rollup || module !== require.main) {","            break;","        }","        local.assetsDict['/assets.example.js'] =","            local.assetsDict['/assets.example.js'] ||","            local.fs.readFileSync(__filename, 'utf8');","        // bug-workaround - long $npm_package_buildCustomOrg","        /* jslint-ignore-begin */","        local.assetsDict['/assets.npmtest_nprogress.rollup.js'] =","            local.assetsDict['/assets.npmtest_nprogress.rollup.js'] ||","            local.fs.readFileSync(","                local.npmtest_nprogress.__dirname + '/lib.npmtest_nprogress.js',","                'utf8'","            ).replace((/^#!/), '//');","        /* jslint-ignore-end */","        local.assetsDict['/favicon.ico'] = local.assetsDict['/favicon.ico'] || '';","        // if $npm_config_timeout_exit exists,","        // then exit this process after $npm_config_timeout_exit ms","        if (Number(process.env.npm_config_timeout_exit)) {","            setTimeout(process.exit, Number(process.env.npm_config_timeout_exit));","        }","        // start server","        if (local.global.utility2_serverHttp1) {","            break;","        }","        process.env.PORT = process.env.PORT || '8081';","        console.error('server starting on port ' + process.env.PORT);","        local.http.createServer(function (request, response) {","            request.urlParsed = local.url.parse(request.url);","            if (local.assetsDict[request.urlParsed.pathname] !== undefined) {","                response.end(local.assetsDict[request.urlParsed.pathname]);","                return;","            }","            response.statusCode = 404;","            response.end();","        }).listen(process.env.PORT);","        break;","    }","}());",""],"l":{"26":2,"28":2,"33":2,"35":2,"37":2,"38":2,"39":2,"44":1,"51":2,"55":2,"59":2,"61":2,"69":1,"70":2,"76":2,"79":2,"82":2,"83":2,"85":1,"89":2,"92":1,"93":1,"94":1,"96":1,"97":1,"100":1,"101":1,"103":1,"106":1,"108":2,"114":1,"116":1,"118":1,"123":1,"124":2,"125":2,"126":3,"127":3,"128":3,"129":3,"130":1,"133":3,"134":3,"139":3,"143":1,"144":3,"145":1,"149":1,"150":1,"158":1,"160":1,"161":1,"162":1,"164":1,"166":1,"258":1,"259":1,"271":1,"274":6,"275":6,"277":1,"279":2,"281":1,"283":2,"288":1,"289":1,"291":1,"296":1,"303":1,"306":1,"307":1,"310":1,"311":1,"313":1,"314":1,"315":1,"316":1,"317":1,"318":1,"319":1,"321":1,"322":1,"324":1}},"/home/travis/build/npmtest/node-npmtest-nprogress/node_modules/nprogress/nprogress.js":{"path":"/home/travis/build/npmtest/node-npmtest-nprogress/node_modules/nprogress/nprogress.js","s":{"1":1,"2":1,"3":0,"4":1,"5":1,"6":0,"7":1,"8":1,"9":1,"10":1,"11":0,"12":0,"13":0,"14":0,"15":0,"16":0,"17":1,"18":1,"19":0,"20":0,"21":0,"22":0,"23":0,"24":0,"25":0,"26":0,"27":0,"28":0,"29":0,"30":0,"31":0,"32":0,"33":0,"34":0,"35":0,"36":0,"37":0,"38":1,"39":0,"40":1,"41":0,"42":0,"43":0,"44":0,"45":0,"46":0,"47":0,"48":0,"49":0,"50":0,"51":0,"52":1,"53":0,"54":0,"55":0,"56":1,"57":0,"58":0,"59":0,"60":0,"61":0,"62":0,"63":0,"64":1,"65":0,"66":1,"67":1,"68":1,"69":0,"70":0,"71":0,"72":0,"73":0,"74":0,"75":0,"76":0,"77":0,"78":0,"79":0,"80":0,"81":0,"82":1,"83":0,"84":0,"85":0,"86":0,"87":0,"88":0,"89":0,"90":0,"91":0,"92":0,"93":0,"94":0,"95":0,"96":0,"97":0,"98":1,"99":0,"100":0,"101":0,"102":0,"103":1,"104":0,"105":1,"106":0,"107":0,"108":0,"109":0,"110":0,"111":0,"112":0,"113":1,"114":0,"115":0,"116":0,"117":0,"118":0,"119":1,"120":0,"121":1,"122":0,"123":0,"124":0,"125":0,"126":0,"127":0,"128":0,"129":0,"130":1,"131":1,"132":1,"133":0,"134":0,"135":0,"136":1,"137":0,"138":0,"139":0,"140":1,"141":1,"142":1,"143":0,"144":0,"145":1,"146":0,"147":0,"148":0,"149":0,"150":0,"151":0,"152":0,"153":0,"154":0,"155":1,"156":0,"157":0,"158":1,"159":0,"160":0,"161":1,"162":0,"163":0,"164":0,"165":0,"166":0,"167":0,"168":0,"169":1,"170":0,"171":0,"172":1,"173":0,"174":0,"175":0,"176":0,"177":1,"178":0,"179":0,"180":0,"181":0,"182":0,"183":1,"184":0,"185":1,"186":0,"187":1},"b":{"1":[0,1],"2":[1,0],"3":[1,0],"4":[0,0],"5":[0,0],"6":[0,0],"7":[0,0],"8":[0,0],"9":[0,0],"10":[0,0],"11":[0,0],"12":[0,0],"13":[0,0],"14":[0,0],"15":[0,0],"16":[0,0],"17":[0,0],"18":[0,0],"19":[0,0],"20":[0,0],"21":[0,0],"22":[0,0],"23":[0,0],"24":[0,0],"25":[0,0],"26":[0,0],"27":[0,0],"28":[0,0],"29":[0,0],"30":[0,0],"31":[0,0],"32":[0,0],"33":[0,0],"34":[0,0],"35":[0,0],"36":[0,0],"37":[0,0],"38":[0,0],"39":[0,0],"40":[0,0],"41":[0,0],"42":[0,0],"43":[0,0],"44":[0,0],"45":[0,0],"46":[0,0],"47":[0,0],"48":[0,0],"49":[0,0,0]},"f":{"1":1,"2":1,"3":0,"4":0,"5":0,"6":0,"7":0,"8":0,"9":0,"10":0,"11":0,"12":0,"13":0,"14":0,"15":1,"16":0,"17":0,"18":0,"19":0,"20":0,"21":0,"22":0,"23":0,"24":0,"25":1,"26":0,"27":0,"28":1,"29":0,"30":0,"31":0,"32":0,"33":0,"34":0,"35":0,"36":0,"37":0,"38":0,"39":0},"fnMap":{"1":{"name":"(anonymous_1)","line":4,"loc":{"start":{"line":4,"column":2},"end":{"line":4,"column":26}}},"2":{"name":"(anonymous_2)","line":14,"loc":{"start":{"line":14,"column":9},"end":{"line":14,"column":20}}},"3":{"name":"(anonymous_3)","line":41,"loc":{"start":{"line":41,"column":24},"end":{"line":41,"column":42}}},"4":{"name":"(anonymous_4)","line":64,"loc":{"start":{"line":64,"column":18},"end":{"line":64,"column":30}}},"5":{"name":"(anonymous_5)","line":77,"loc":{"start":{"line":77,"column":10},"end":{"line":77,"column":25}}},"6":{"name":"(anonymous_6)","line":92,"loc":{"start":{"line":92,"column":19},"end":{"line":92,"column":30}}},"7":{"name":"(anonymous_7)","line":97,"loc":{"start":{"line":97,"column":21},"end":{"line":97,"column":32}}},"8":{"name":"(anonymous_8)","line":110,"loc":{"start":{"line":110,"column":24},"end":{"line":110,"column":35}}},"9":{"name":"(anonymous_9)","line":121,"loc":{"start":{"line":121,"column":20},"end":{"line":121,"column":31}}},"10":{"name":"(anonymous_10)","line":124,"loc":{"start":{"line":124,"column":15},"end":{"line":124,"column":26}}},"11":{"name":"(anonymous_11)","line":125,"loc":{"start":{"line":125,"column":17},"end":{"line":125,"column":28}}},"12":{"name":"(anonymous_12)","line":149,"loc":{"start":{"line":149,"column":19},"end":{"line":149,"column":35}}},"13":{"name":"(anonymous_13)","line":159,"loc":{"start":{"line":159,"column":18},"end":{"line":159,"column":35}}},"14":{"name":"(anonymous_14)","line":174,"loc":{"start":{"line":174,"column":22},"end":{"line":174,"column":33}}},"15":{"name":"(anonymous_15)","line":184,"loc":{"start":{"line":184,"column":3},"end":{"line":184,"column":14}}},"16":{"name":"(anonymous_16)","line":187,"loc":{"start":{"line":187,"column":24},"end":{"line":187,"column":43}}},"17":{"name":"(anonymous_17)","line":199,"loc":{"start":{"line":199,"column":22},"end":{"line":199,"column":33}}},"18":{"name":"(anonymous_18)","line":219,"loc":{"start":{"line":219,"column":21},"end":{"line":219,"column":41}}},"19":{"name":"(anonymous_19)","line":255,"loc":{"start":{"line":255,"column":21},"end":{"line":255,"column":32}}},"20":{"name":"(anonymous_20)","line":266,"loc":{"start":{"line":266,"column":25},"end":{"line":266,"column":36}}},"21":{"name":"(anonymous_21)","line":274,"loc":{"start":{"line":274,"column":32},"end":{"line":274,"column":43}}},"22":{"name":"clamp","line":300,"loc":{"start":{"line":300,"column":2},"end":{"line":300,"column":30}}},"23":{"name":"toBarPerc","line":311,"loc":{"start":{"line":311,"column":2},"end":{"line":311,"column":24}}},"24":{"name":"barPositionCSS","line":321,"loc":{"start":{"line":321,"column":2},"end":{"line":321,"column":42}}},"25":{"name":"(anonymous_25)","line":341,"loc":{"start":{"line":341,"column":15},"end":{"line":341,"column":26}}},"26":{"name":"next","line":344,"loc":{"start":{"line":344,"column":4},"end":{"line":344,"column":20}}},"27":{"name":"(anonymous_27)","line":351,"loc":{"start":{"line":351,"column":11},"end":{"line":351,"column":24}}},"28":{"name":"(anonymous_28)","line":365,"loc":{"start":{"line":365,"column":13},"end":{"line":365,"column":24}}},"29":{"name":"camelCase","line":369,"loc":{"start":{"line":369,"column":4},"end":{"line":369,"column":31}}},"30":{"name":"(anonymous_30)","line":370,"loc":{"start":{"line":370,"column":68},"end":{"line":370,"column":92}}},"31":{"name":"getVendorProp","line":375,"loc":{"start":{"line":375,"column":4},"end":{"line":375,"column":33}}},"32":{"name":"getStyleProp","line":390,"loc":{"start":{"line":390,"column":4},"end":{"line":390,"column":32}}},"33":{"name":"applyCss","line":395,"loc":{"start":{"line":395,"column":4},"end":{"line":395,"column":44}}},"34":{"name":"(anonymous_34)","line":400,"loc":{"start":{"line":400,"column":11},"end":{"line":400,"column":41}}},"35":{"name":"hasClass","line":420,"loc":{"start":{"line":420,"column":2},"end":{"line":420,"column":35}}},"36":{"name":"addClass","line":429,"loc":{"start":{"line":429,"column":2},"end":{"line":429,"column":35}}},"37":{"name":"removeClass","line":443,"loc":{"start":{"line":443,"column":2},"end":{"line":443,"column":38}}},"38":{"name":"classList","line":462,"loc":{"start":{"line":462,"column":2},"end":{"line":462,"column":30}}},"39":{"name":"removeElement","line":470,"loc":{"start":{"line":470,"column":2},"end":{"line":470,"column":34}}}},"statementMap":{"1":{"start":{"line":4,"column":1},"end":{"line":475,"column":3}},"2":{"start":{"line":6,"column":2},"end":{"line":12,"column":3}},"3":{"start":{"line":7,"column":4},"end":{"line":7,"column":20}},"4":{"start":{"line":8,"column":9},"end":{"line":12,"column":3}},"5":{"start":{"line":9,"column":4},"end":{"line":9,"column":31}},"6":{"start":{"line":11,"column":4},"end":{"line":11,"column":31}},"7":{"start":{"line":15,"column":2},"end":{"line":15,"column":21}},"8":{"start":{"line":17,"column":2},"end":{"line":17,"column":30}},"9":{"start":{"line":19,"column":2},"end":{"line":32,"column":4}},"10":{"start":{"line":41,"column":2},"end":{"line":49,"column":4}},"11":{"start":{"line":42,"column":4},"end":{"line":42,"column":19}},"12":{"start":{"line":43,"column":4},"end":{"line":46,"column":5}},"13":{"start":{"line":44,"column":6},"end":{"line":44,"column":27}},"14":{"start":{"line":45,"column":6},"end":{"line":45,"column":84}},"15":{"start":{"line":45,"column":62},"end":{"line":45,"column":84}},"16":{"start":{"line":48,"column":4},"end":{"line":48,"column":16}},"17":{"start":{"line":55,"column":2},"end":{"line":55,"column":26}},"18":{"start":{"line":64,"column":2},"end":{"line":108,"column":4}},"19":{"start":{"line":65,"column":4},"end":{"line":65,"column":40}},"20":{"start":{"line":67,"column":4},"end":{"line":67,"column":38}},"21":{"start":{"line":68,"column":4},"end":{"line":68,"column":44}},"22":{"start":{"line":70,"column":4},"end":{"line":73,"column":35}},"23":{"start":{"line":75,"column":4},"end":{"line":75,"column":25}},"24":{"start":{"line":77,"column":4},"end":{"line":105,"column":7}},"25":{"start":{"line":79,"column":6},"end":{"line":79,"column":96}},"26":{"start":{"line":79,"column":41},"end":{"line":79,"column":96}},"27":{"start":{"line":82,"column":6},"end":{"line":82,"column":47}},"28":{"start":{"line":84,"column":6},"end":{"line":104,"column":7}},"29":{"start":{"line":86,"column":8},"end":{"line":89,"column":11}},"30":{"start":{"line":90,"column":8},"end":{"line":90,"column":29}},"31":{"start":{"line":92,"column":8},"end":{"line":101,"column":18}},"32":{"start":{"line":93,"column":10},"end":{"line":96,"column":13}},"33":{"start":{"line":97,"column":10},"end":{"line":100,"column":20}},"34":{"start":{"line":98,"column":12},"end":{"line":98,"column":31}},"35":{"start":{"line":99,"column":12},"end":{"line":99,"column":19}},"36":{"start":{"line":103,"column":8},"end":{"line":103,"column":32}},"37":{"start":{"line":107,"column":4},"end":{"line":107,"column":16}},"38":{"start":{"line":110,"column":2},"end":{"line":112,"column":4}},"39":{"start":{"line":111,"column":4},"end":{"line":111,"column":48}},"40":{"start":{"line":121,"column":2},"end":{"line":135,"column":4}},"41":{"start":{"line":122,"column":4},"end":{"line":122,"column":44}},"42":{"start":{"line":122,"column":27},"end":{"line":122,"column":44}},"43":{"start":{"line":124,"column":4},"end":{"line":130,"column":6}},"44":{"start":{"line":125,"column":6},"end":{"line":129,"column":32}},"45":{"start":{"line":126,"column":8},"end":{"line":126,"column":38}},"46":{"start":{"line":126,"column":31},"end":{"line":126,"column":38}},"47":{"start":{"line":127,"column":8},"end":{"line":127,"column":28}},"48":{"start":{"line":128,"column":8},"end":{"line":128,"column":15}},"49":{"start":{"line":132,"column":4},"end":{"line":132,"column":33}},"50":{"start":{"line":132,"column":26},"end":{"line":132,"column":33}},"51":{"start":{"line":134,"column":4},"end":{"line":134,"column":16}},"52":{"start":{"line":149,"column":2},"end":{"line":153,"column":4}},"53":{"start":{"line":150,"column":4},"end":{"line":150,"column":49}},"54":{"start":{"line":150,"column":37},"end":{"line":150,"column":49}},"55":{"start":{"line":152,"column":4},"end":{"line":152,"column":59}},"56":{"start":{"line":159,"column":2},"end":{"line":172,"column":4}},"57":{"start":{"line":160,"column":4},"end":{"line":160,"column":29}},"58":{"start":{"line":162,"column":4},"end":{"line":171,"column":5}},"59":{"start":{"line":163,"column":6},"end":{"line":163,"column":31}},"60":{"start":{"line":165,"column":6},"end":{"line":167,"column":7}},"61":{"start":{"line":166,"column":8},"end":{"line":166,"column":63}},"62":{"start":{"line":169,"column":6},"end":{"line":169,"column":38}},"63":{"start":{"line":170,"column":6},"end":{"line":170,"column":30}},"64":{"start":{"line":174,"column":2},"end":{"line":176,"column":4}},"65":{"start":{"line":175,"column":4},"end":{"line":175,"column":63}},"66":{"start":{"line":184,"column":2},"end":{"line":212,"column":7}},"67":{"start":{"line":185,"column":4},"end":{"line":185,"column":33}},"68":{"start":{"line":187,"column":4},"end":{"line":210,"column":6}},"69":{"start":{"line":188,"column":6},"end":{"line":190,"column":7}},"70":{"start":{"line":189,"column":8},"end":{"line":189,"column":20}},"71":{"start":{"line":192,"column":6},"end":{"line":194,"column":7}},"72":{"start":{"line":193,"column":8},"end":{"line":193,"column":26}},"73":{"start":{"line":196,"column":6},"end":{"line":196,"column":16}},"74":{"start":{"line":197,"column":6},"end":{"line":197,"column":16}},"75":{"start":{"line":199,"column":6},"end":{"line":207,"column":9}},"76":{"start":{"line":200,"column":8},"end":{"line":200,"column":18}},"77":{"start":{"line":201,"column":8},"end":{"line":206,"column":9}},"78":{"start":{"line":202,"column":12},"end":{"line":202,"column":24}},"79":{"start":{"line":203,"column":12},"end":{"line":203,"column":29}},"80":{"start":{"line":205,"column":12},"end":{"line":205,"column":57}},"81":{"start":{"line":209,"column":6},"end":{"line":209,"column":18}},"82":{"start":{"line":219,"column":2},"end":{"line":249,"column":4}},"83":{"start":{"line":220,"column":4},"end":{"line":220,"column":76}},"84":{"start":{"line":220,"column":32},"end":{"line":220,"column":76}},"85":{"start":{"line":222,"column":4},"end":{"line":222,"column":57}},"86":{"start":{"line":224,"column":4},"end":{"line":224,"column":49}},"87":{"start":{"line":225,"column":4},"end":{"line":225,"column":30}},"88":{"start":{"line":226,"column":4},"end":{"line":226,"column":43}},"89":{"start":{"line":228,"column":4},"end":{"line":231,"column":16}},"90":{"start":{"line":233,"column":4},"end":{"line":236,"column":7}},"91":{"start":{"line":238,"column":4},"end":{"line":241,"column":5}},"92":{"start":{"line":239,"column":6},"end":{"line":239,"column":65}},"93":{"start":{"line":240,"column":6},"end":{"line":240,"column":40}},"94":{"start":{"line":243,"column":4},"end":{"line":245,"column":5}},"95":{"start":{"line":244,"column":6},"end":{"line":244,"column":50}},"96":{"start":{"line":247,"column":4},"end":{"line":247,"column":33}},"97":{"start":{"line":248,"column":4},"end":{"line":248,"column":20}},"98":{"start":{"line":255,"column":2},"end":{"line":260,"column":4}},"99":{"start":{"line":256,"column":4},"end":{"line":256,"column":60}},"100":{"start":{"line":257,"column":4},"end":{"line":257,"column":84}},"101":{"start":{"line":258,"column":4},"end":{"line":258,"column":56}},"102":{"start":{"line":259,"column":4},"end":{"line":259,"column":40}},"103":{"start":{"line":266,"column":2},"end":{"line":268,"column":4}},"104":{"start":{"line":267,"column":4},"end":{"line":267,"column":50}},"105":{"start":{"line":274,"column":2},"end":{"line":294,"column":4}},"106":{"start":{"line":276,"column":4},"end":{"line":276,"column":40}},"107":{"start":{"line":279,"column":4},"end":{"line":282,"column":62}},"108":{"start":{"line":284,"column":4},"end":{"line":293,"column":5}},"109":{"start":{"line":286,"column":6},"end":{"line":286,"column":27}},"110":{"start":{"line":287,"column":11},"end":{"line":293,"column":5}},"111":{"start":{"line":289,"column":6},"end":{"line":289,"column":25}},"112":{"start":{"line":292,"column":6},"end":{"line":292,"column":22}},"113":{"start":{"line":300,"column":2},"end":{"line":304,"column":3}},"114":{"start":{"line":301,"column":4},"end":{"line":301,"column":28}},"115":{"start":{"line":301,"column":17},"end":{"line":301,"column":28}},"116":{"start":{"line":302,"column":4},"end":{"line":302,"column":28}},"117":{"start":{"line":302,"column":17},"end":{"line":302,"column":28}},"118":{"start":{"line":303,"column":4},"end":{"line":303,"column":13}},"119":{"start":{"line":311,"column":2},"end":{"line":313,"column":3}},"120":{"start":{"line":312,"column":4},"end":{"line":312,"column":26}},"121":{"start":{"line":321,"column":2},"end":{"line":335,"column":3}},"122":{"start":{"line":322,"column":4},"end":{"line":322,"column":15}},"123":{"start":{"line":324,"column":4},"end":{"line":330,"column":5}},"124":{"start":{"line":325,"column":6},"end":{"line":325,"column":67}},"125":{"start":{"line":326,"column":11},"end":{"line":330,"column":5}},"126":{"start":{"line":327,"column":6},"end":{"line":327,"column":63}},"127":{"start":{"line":329,"column":6},"end":{"line":329,"column":51}},"128":{"start":{"line":332,"column":4},"end":{"line":332,"column":48}},"129":{"start":{"line":334,"column":4},"end":{"line":334,"column":18}},"130":{"start":{"line":341,"column":2},"end":{"line":355,"column":7}},"131":{"start":{"line":342,"column":4},"end":{"line":342,"column":21}},"132":{"start":{"line":344,"column":4},"end":{"line":349,"column":5}},"133":{"start":{"line":345,"column":6},"end":{"line":345,"column":31}},"134":{"start":{"line":346,"column":6},"end":{"line":348,"column":7}},"135":{"start":{"line":347,"column":8},"end":{"line":347,"column":17}},"136":{"start":{"line":351,"column":4},"end":{"line":354,"column":6}},"137":{"start":{"line":352,"column":6},"end":{"line":352,"column":23}},"138":{"start":{"line":353,"column":6},"end":{"line":353,"column":38}},"139":{"start":{"line":353,"column":31},"end":{"line":353,"column":38}},"140":{"start":{"line":365,"column":2},"end":{"line":414,"column":7}},"141":{"start":{"line":366,"column":4},"end":{"line":367,"column":25}},"142":{"start":{"line":369,"column":4},"end":{"line":373,"column":5}},"143":{"start":{"line":370,"column":6},"end":{"line":372,"column":9}},"144":{"start":{"line":371,"column":8},"end":{"line":371,"column":36}},"145":{"start":{"line":375,"column":4},"end":{"line":388,"column":5}},"146":{"start":{"line":376,"column":6},"end":{"line":376,"column":38}},"147":{"start":{"line":377,"column":6},"end":{"line":377,"column":37}},"148":{"start":{"line":377,"column":25},"end":{"line":377,"column":37}},"149":{"start":{"line":379,"column":6},"end":{"line":381,"column":21}},"150":{"start":{"line":382,"column":6},"end":{"line":385,"column":7}},"151":{"start":{"line":383,"column":8},"end":{"line":383,"column":46}},"152":{"start":{"line":384,"column":8},"end":{"line":384,"column":51}},"153":{"start":{"line":384,"column":33},"end":{"line":384,"column":51}},"154":{"start":{"line":387,"column":6},"end":{"line":387,"column":18}},"155":{"start":{"line":390,"column":4},"end":{"line":393,"column":5}},"156":{"start":{"line":391,"column":6},"end":{"line":391,"column":29}},"157":{"start":{"line":392,"column":6},"end":{"line":392,"column":70}},"158":{"start":{"line":395,"column":4},"end":{"line":398,"column":5}},"159":{"start":{"line":396,"column":6},"end":{"line":396,"column":32}},"160":{"start":{"line":397,"column":6},"end":{"line":397,"column":34}},"161":{"start":{"line":400,"column":4},"end":{"line":413,"column":5}},"162":{"start":{"line":401,"column":6},"end":{"line":403,"column":16}},"163":{"start":{"line":405,"column":6},"end":{"line":412,"column":7}},"164":{"start":{"line":406,"column":8},"end":{"line":409,"column":9}},"165":{"start":{"line":407,"column":10},"end":{"line":407,"column":35}},"166":{"start":{"line":408,"column":10},"end":{"line":408,"column":101}},"167":{"start":{"line":408,"column":70},"end":{"line":408,"column":101}},"168":{"start":{"line":411,"column":8},"end":{"line":411,"column":44}},"169":{"start":{"line":420,"column":2},"end":{"line":423,"column":3}},"170":{"start":{"line":421,"column":4},"end":{"line":421,"column":73}},"171":{"start":{"line":422,"column":4},"end":{"line":422,"column":47}},"172":{"start":{"line":429,"column":2},"end":{"line":437,"column":3}},"173":{"start":{"line":430,"column":4},"end":{"line":431,"column":33}},"174":{"start":{"line":433,"column":4},"end":{"line":433,"column":40}},"175":{"start":{"line":433,"column":33},"end":{"line":433,"column":40}},"176":{"start":{"line":436,"column":4},"end":{"line":436,"column":45}},"177":{"start":{"line":443,"column":2},"end":{"line":454,"column":3}},"178":{"start":{"line":444,"column":4},"end":{"line":445,"column":16}},"179":{"start":{"line":447,"column":4},"end":{"line":447,"column":41}},"180":{"start":{"line":447,"column":34},"end":{"line":447,"column":41}},"181":{"start":{"line":450,"column":4},"end":{"line":450,"column":53}},"182":{"start":{"line":453,"column":4},"end":{"line":453,"column":65}},"183":{"start":{"line":462,"column":2},"end":{"line":464,"column":3}},"184":{"start":{"line":463,"column":4},"end":{"line":463,"column":73}},"185":{"start":{"line":470,"column":2},"end":{"line":472,"column":3}},"186":{"start":{"line":471,"column":4},"end":{"line":471,"column":77}},"187":{"start":{"line":474,"column":2},"end":{"line":474,"column":19}}},"branchMap":{"1":{"line":6,"type":"if","locations":[{"start":{"line":6,"column":2},"end":{"line":6,"column":2}},{"start":{"line":6,"column":2},"end":{"line":6,"column":2}}]},"2":{"line":6,"type":"binary-expr","locations":[{"start":{"line":6,"column":6},"end":{"line":6,"column":34}},{"start":{"line":6,"column":38},"end":{"line":6,"column":48}}]},"3":{"line":8,"type":"if","locations":[{"start":{"line":8,"column":9},"end":{"line":8,"column":9}},{"start":{"line":8,"column":9},"end":{"line":8,"column":9}}]},"4":{"line":45,"type":"if","locations":[{"start":{"line":45,"column":6},"end":{"line":45,"column":6}},{"start":{"line":45,"column":6},"end":{"line":45,"column":6}}]},"5":{"line":45,"type":"binary-expr","locations":[{"start":{"line":45,"column":10},"end":{"line":45,"column":29}},{"start":{"line":45,"column":33},"end":{"line":45,"column":60}}]},"6":{"line":68,"type":"cond-expr","locations":[{"start":{"line":68,"column":34},"end":{"line":68,"column":38}},{"start":{"line":68,"column":41},"end":{"line":68,"column":42}}]},"7":{"line":79,"type":"if","locations":[{"start":{"line":79,"column":6},"end":{"line":79,"column":6}},{"start":{"line":79,"column":6},"end":{"line":79,"column":6}}]},"8":{"line":84,"type":"if","locations":[{"start":{"line":84,"column":6},"end":{"line":84,"column":6}},{"start":{"line":84,"column":6},"end":{"line":84,"column":6}}]},"9":{"line":122,"type":"if","locations":[{"start":{"line":122,"column":4},"end":{"line":122,"column":4}},{"start":{"line":122,"column":4},"end":{"line":122,"column":4}}]},"10":{"line":126,"type":"if","locations":[{"start":{"line":126,"column":8},"end":{"line":126,"column":8}},{"start":{"line":126,"column":8},"end":{"line":126,"column":8}}]},"11":{"line":132,"type":"if","locations":[{"start":{"line":132,"column":4},"end":{"line":132,"column":4}},{"start":{"line":132,"column":4},"end":{"line":132,"column":4}}]},"12":{"line":150,"type":"if","locations":[{"start":{"line":150,"column":4},"end":{"line":150,"column":4}},{"start":{"line":150,"column":4},"end":{"line":150,"column":4}}]},"13":{"line":150,"type":"binary-expr","locations":[{"start":{"line":150,"column":8},"end":{"line":150,"column":14}},{"start":{"line":150,"column":18},"end":{"line":150,"column":35}}]},"14":{"line":162,"type":"if","locations":[{"start":{"line":162,"column":4},"end":{"line":162,"column":4}},{"start":{"line":162,"column":4},"end":{"line":162,"column":4}}]},"15":{"line":165,"type":"if","locations":[{"start":{"line":165,"column":6},"end":{"line":165,"column":6}},{"start":{"line":165,"column":6},"end":{"line":165,"column":6}}]},"16":{"line":188,"type":"if","locations":[{"start":{"line":188,"column":6},"end":{"line":188,"column":6}},{"start":{"line":188,"column":6},"end":{"line":188,"column":6}}]},"17":{"line":188,"type":"binary-expr","locations":[{"start":{"line":188,"column":10},"end":{"line":188,"column":19}},{"start":{"line":188,"column":23},"end":{"line":188,"column":54}}]},"18":{"line":192,"type":"if","locations":[{"start":{"line":192,"column":6},"end":{"line":192,"column":6}},{"start":{"line":192,"column":6},"end":{"line":192,"column":6}}]},"19":{"line":201,"type":"if","locations":[{"start":{"line":201,"column":8},"end":{"line":201,"column":8}},{"start":{"line":201,"column":8},"end":{"line":201,"column":8}}]},"20":{"line":220,"type":"if","locations":[{"start":{"line":220,"column":4},"end":{"line":220,"column":4}},{"start":{"line":220,"column":4},"end":{"line":220,"column":4}}]},"21":{"line":229,"type":"cond-expr","locations":[{"start":{"line":229,"column":31},"end":{"line":229,"column":37}},{"start":{"line":229,"column":40},"end":{"line":229,"column":72}}]},"22":{"line":229,"type":"binary-expr","locations":[{"start":{"line":229,"column":50},"end":{"line":229,"column":66}},{"start":{"line":229,"column":70},"end":{"line":229,"column":71}}]},"23":{"line":238,"type":"if","locations":[{"start":{"line":238,"column":4},"end":{"line":238,"column":4}},{"start":{"line":238,"column":4},"end":{"line":238,"column":4}}]},"24":{"line":240,"type":"binary-expr","locations":[{"start":{"line":240,"column":6},"end":{"line":240,"column":13}},{"start":{"line":240,"column":17},"end":{"line":240,"column":39}}]},"25":{"line":243,"type":"if","locations":[{"start":{"line":243,"column":4},"end":{"line":243,"column":4}},{"start":{"line":243,"column":4},"end":{"line":243,"column":4}}]},"26":{"line":259,"type":"binary-expr","locations":[{"start":{"line":259,"column":4},"end":{"line":259,"column":12}},{"start":{"line":259,"column":16},"end":{"line":259,"column":39}}]},"27":{"line":279,"type":"cond-expr","locations":[{"start":{"line":279,"column":58},"end":{"line":279,"column":66}},{"start":{"line":280,"column":23},"end":{"line":282,"column":61}}]},"28":{"line":280,"type":"cond-expr","locations":[{"start":{"line":280,"column":55},"end":{"line":280,"column":60}},{"start":{"line":281,"column":23},"end":{"line":282,"column":61}}]},"29":{"line":281,"type":"cond-expr","locations":[{"start":{"line":281,"column":54},"end":{"line":281,"column":58}},{"start":{"line":282,"column":23},"end":{"line":282,"column":61}}]},"30":{"line":282,"type":"cond-expr","locations":[{"start":{"line":282,"column":53},"end":{"line":282,"column":56}},{"start":{"line":282,"column":59},"end":{"line":282,"column":61}}]},"31":{"line":284,"type":"if","locations":[{"start":{"line":284,"column":4},"end":{"line":284,"column":4}},{"start":{"line":284,"column":4},"end":{"line":284,"column":4}}]},"32":{"line":287,"type":"if","locations":[{"start":{"line":287,"column":11},"end":{"line":287,"column":11}},{"start":{"line":287,"column":11},"end":{"line":287,"column":11}}]},"33":{"line":301,"type":"if","locations":[{"start":{"line":301,"column":4},"end":{"line":301,"column":4}},{"start":{"line":301,"column":4},"end":{"line":301,"column":4}}]},"34":{"line":302,"type":"if","locations":[{"start":{"line":302,"column":4},"end":{"line":302,"column":4}},{"start":{"line":302,"column":4},"end":{"line":302,"column":4}}]},"35":{"line":324,"type":"if","locations":[{"start":{"line":324,"column":4},"end":{"line":324,"column":4}},{"start":{"line":324,"column":4},"end":{"line":324,"column":4}}]},"36":{"line":326,"type":"if","locations":[{"start":{"line":326,"column":11},"end":{"line":326,"column":11}},{"start":{"line":326,"column":11},"end":{"line":326,"column":11}}]},"37":{"line":346,"type":"if","locations":[{"start":{"line":346,"column":6},"end":{"line":346,"column":6}},{"start":{"line":346,"column":6},"end":{"line":346,"column":6}}]},"38":{"line":353,"type":"if","locations":[{"start":{"line":353,"column":6},"end":{"line":353,"column":6}},{"start":{"line":353,"column":6},"end":{"line":353,"column":6}}]},"39":{"line":377,"type":"if","locations":[{"start":{"line":377,"column":6},"end":{"line":377,"column":6}},{"start":{"line":377,"column":6},"end":{"line":377,"column":6}}]},"40":{"line":384,"type":"if","locations":[{"start":{"line":384,"column":8},"end":{"line":384,"column":8}},{"start":{"line":384,"column":8},"end":{"line":384,"column":8}}]},"41":{"line":392,"type":"binary-expr","locations":[{"start":{"line":392,"column":13},"end":{"line":392,"column":27}},{"start":{"line":392,"column":32},"end":{"line":392,"column":68}}]},"42":{"line":405,"type":"if","locations":[{"start":{"line":405,"column":6},"end":{"line":405,"column":6}},{"start":{"line":405,"column":6},"end":{"line":405,"column":6}}]},"43":{"line":408,"type":"if","locations":[{"start":{"line":408,"column":10},"end":{"line":408,"column":10}},{"start":{"line":408,"column":10},"end":{"line":408,"column":10}}]},"44":{"line":408,"type":"binary-expr","locations":[{"start":{"line":408,"column":14},"end":{"line":408,"column":33}},{"start":{"line":408,"column":37},"end":{"line":408,"column":68}}]},"45":{"line":421,"type":"cond-expr","locations":[{"start":{"line":421,"column":44},"end":{"line":421,"column":51}},{"start":{"line":421,"column":54},"end":{"line":421,"column":72}}]},"46":{"line":433,"type":"if","locations":[{"start":{"line":433,"column":4},"end":{"line":433,"column":4}},{"start":{"line":433,"column":4},"end":{"line":433,"column":4}}]},"47":{"line":447,"type":"if","locations":[{"start":{"line":447,"column":4},"end":{"line":447,"column":4}},{"start":{"line":447,"column":4},"end":{"line":447,"column":4}}]},"48":{"line":463,"type":"binary-expr","locations":[{"start":{"line":463,"column":19},"end":{"line":463,"column":36}},{"start":{"line":463,"column":40},"end":{"line":463,"column":42}}]},"49":{"line":471,"type":"binary-expr","locations":[{"start":{"line":471,"column":4},"end":{"line":471,"column":11}},{"start":{"line":471,"column":15},"end":{"line":471,"column":33}},{"start":{"line":471,"column":37},"end":{"line":471,"column":76}}]}},"code":["/* NProgress, (c) 2013, 2014 Rico Sta. Cruz - http://ricostacruz.com/nprogress"," * @license MIT */","",";(function(root, factory) {","","  if (typeof define === 'function' && define.amd) {","    define(factory);","  } else if (typeof exports === 'object') {","    module.exports = factory();","  } else {","    root.NProgress = factory();","  }","","})(this, function() {","  var NProgress = {};","","  NProgress.version = '0.2.0';","","  var Settings = NProgress.settings = {","    minimum: 0.08,","    easing: 'ease',","    positionUsing: '',","    speed: 200,","    trickle: true,","    trickleRate: 0.02,","    trickleSpeed: 800,","    showSpinner: true,","    barSelector: '[role=\"bar\"]',","    spinnerSelector: '[role=\"spinner\"]',","    parent: 'body',","    template: '<div class=\"bar\" role=\"bar\"><div class=\"peg\"></div></div><div class=\"spinner\" role=\"spinner\"><div class=\"spinner-icon\"></div></div>'","  };","","  /**","   * Updates configuration.","   *","   *     NProgress.configure({","   *       minimum: 0.1","   *     });","   */","  NProgress.configure = function(options) {","    var key, value;","    for (key in options) {","      value = options[key];","      if (value !== undefined && options.hasOwnProperty(key)) Settings[key] = value;","    }","","    return this;","  };","","  /**","   * Last number.","   */","","  NProgress.status = null;","","  /**","   * Sets the progress bar status, where `n` is a number from `0.0` to `1.0`.","   *","   *     NProgress.set(0.4);","   *     NProgress.set(1.0);","   */","","  NProgress.set = function(n) {","    var started = NProgress.isStarted();","","    n = clamp(n, Settings.minimum, 1);","    NProgress.status = (n === 1 ? null : n);","","    var progress = NProgress.render(!started),","        bar      = progress.querySelector(Settings.barSelector),","        speed    = Settings.speed,","        ease     = Settings.easing;","","    progress.offsetWidth; /* Repaint */","","    queue(function(next) {","      // Set positionUsing if it hasn't already been set","      if (Settings.positionUsing === '') Settings.positionUsing = NProgress.getPositioningCSS();","","      // Add transition","      css(bar, barPositionCSS(n, speed, ease));","","      if (n === 1) {","        // Fade out","        css(progress, { ","          transition: 'none', ","          opacity: 1 ","        });","        progress.offsetWidth; /* Repaint */","","        setTimeout(function() {","          css(progress, { ","            transition: 'all ' + speed + 'ms linear', ","            opacity: 0 ","          });","          setTimeout(function() {","            NProgress.remove();","            next();","          }, speed);","        }, speed);","      } else {","        setTimeout(next, speed);","      }","    });","","    return this;","  };","","  NProgress.isStarted = function() {","    return typeof NProgress.status === 'number';","  };","","  /**","   * Shows the progress bar.","   * This is the same as setting the status to 0%, except that it doesn't go backwards.","   *","   *     NProgress.start();","   *","   */","  NProgress.start = function() {","    if (!NProgress.status) NProgress.set(0);","","    var work = function() {","      setTimeout(function() {","        if (!NProgress.status) return;","        NProgress.trickle();","        work();","      }, Settings.trickleSpeed);","    };","","    if (Settings.trickle) work();","","    return this;","  };","","  /**","   * Hides the progress bar.","   * This is the *sort of* the same as setting the status to 100%, with the","   * difference being `done()` makes some placebo effect of some realistic motion.","   *","   *     NProgress.done();","   *","   * If `true` is passed, it will show the progress bar even if its hidden.","   *","   *     NProgress.done(true);","   */","","  NProgress.done = function(force) {","    if (!force && !NProgress.status) return this;","","    return NProgress.inc(0.3 + 0.5 * Math.random()).set(1);","  };","","  /**","   * Increments by a random amount.","   */","","  NProgress.inc = function(amount) {","    var n = NProgress.status;","","    if (!n) {","      return NProgress.start();","    } else {","      if (typeof amount !== 'number') {","        amount = (1 - n) * clamp(Math.random() * n, 0.1, 0.95);","      }","","      n = clamp(n + amount, 0, 0.994);","      return NProgress.set(n);","    }","  };","","  NProgress.trickle = function() {","    return NProgress.inc(Math.random() * Settings.trickleRate);","  };","","  /**","   * Waits for all supplied jQuery promises and","   * increases the progress as the promises resolve.","   *","   * @param $promise jQUery Promise","   */","  (function() {","    var initial = 0, current = 0;","","    NProgress.promise = function($promise) {","      if (!$promise || $promise.state() === \"resolved\") {","        return this;","      }","","      if (current === 0) {","        NProgress.start();","      }","","      initial++;","      current++;","","      $promise.always(function() {","        current--;","        if (current === 0) {","            initial = 0;","            NProgress.done();","        } else {","            NProgress.set((initial - current) / initial);","        }","      });","","      return this;","    };","","  })();","","  /**","   * (Internal) renders the progress bar markup based on the `template`","   * setting.","   */","","  NProgress.render = function(fromStart) {","    if (NProgress.isRendered()) return document.getElementById('nprogress');","","    addClass(document.documentElement, 'nprogress-busy');","    ","    var progress = document.createElement('div');","    progress.id = 'nprogress';","    progress.innerHTML = Settings.template;","","    var bar      = progress.querySelector(Settings.barSelector),","        perc     = fromStart ? '-100' : toBarPerc(NProgress.status || 0),","        parent   = document.querySelector(Settings.parent),","        spinner;","    ","    css(bar, {","      transition: 'all 0 linear',","      transform: 'translate3d(' + perc + '%,0,0)'","    });","","    if (!Settings.showSpinner) {","      spinner = progress.querySelector(Settings.spinnerSelector);","      spinner && removeElement(spinner);","    }","","    if (parent != document.body) {","      addClass(parent, 'nprogress-custom-parent');","    }","","    parent.appendChild(progress);","    return progress;","  };","","  /**","   * Removes the element. Opposite of render().","   */","","  NProgress.remove = function() {","    removeClass(document.documentElement, 'nprogress-busy');","    removeClass(document.querySelector(Settings.parent), 'nprogress-custom-parent');","    var progress = document.getElementById('nprogress');","    progress && removeElement(progress);","  };","","  /**","   * Checks if the progress bar is rendered.","   */","","  NProgress.isRendered = function() {","    return !!document.getElementById('nprogress');","  };","","  /**","   * Determine which positioning CSS rule to use.","   */","","  NProgress.getPositioningCSS = function() {","    // Sniff on document.body.style","    var bodyStyle = document.body.style;","","    // Sniff prefixes","    var vendorPrefix = ('WebkitTransform' in bodyStyle) ? 'Webkit' :","                       ('MozTransform' in bodyStyle) ? 'Moz' :","                       ('msTransform' in bodyStyle) ? 'ms' :","                       ('OTransform' in bodyStyle) ? 'O' : '';","","    if (vendorPrefix + 'Perspective' in bodyStyle) {","      // Modern browsers with 3D support, e.g. Webkit, IE10","      return 'translate3d';","    } else if (vendorPrefix + 'Transform' in bodyStyle) {","      // Browsers without 3D support, e.g. IE9","      return 'translate';","    } else {","      // Browsers without translate() support, e.g. IE7-8","      return 'margin';","    }","  };","","  /**","   * Helpers","   */","","  function clamp(n, min, max) {","    if (n < min) return min;","    if (n > max) return max;","    return n;","  }","","  /**","   * (Internal) converts a percentage (`0..1`) to a bar translateX","   * percentage (`-100%..0%`).","   */","","  function toBarPerc(n) {","    return (-1 + n) * 100;","  }","","","  /**","   * (Internal) returns the correct CSS for changing the bar's","   * position given an n percentage, and speed and ease from Settings","   */","","  function barPositionCSS(n, speed, ease) {","    var barCSS;","","    if (Settings.positionUsing === 'translate3d') {","      barCSS = { transform: 'translate3d('+toBarPerc(n)+'%,0,0)' };","    } else if (Settings.positionUsing === 'translate') {","      barCSS = { transform: 'translate('+toBarPerc(n)+'%,0)' };","    } else {","      barCSS = { 'margin-left': toBarPerc(n)+'%' };","    }","","    barCSS.transition = 'all '+speed+'ms '+ease;","","    return barCSS;","  }","","  /**","   * (Internal) Queues a function to be executed.","   */","","  var queue = (function() {","    var pending = [];","    ","    function next() {","      var fn = pending.shift();","      if (fn) {","        fn(next);","      }","    }","","    return function(fn) {","      pending.push(fn);","      if (pending.length == 1) next();","    };","  })();","","  /**","   * (Internal) Applies css properties to an element, similar to the jQuery ","   * css method.","   *","   * While this helper does assist with vendor prefixed property names, it ","   * does not perform any manipulation of values prior to setting styles.","   */","","  var css = (function() {","    var cssPrefixes = [ 'Webkit', 'O', 'Moz', 'ms' ],","        cssProps    = {};","","    function camelCase(string) {","      return string.replace(/^-ms-/, 'ms-').replace(/-([\\da-z])/gi, function(match, letter) {","        return letter.toUpperCase();","      });","    }","","    function getVendorProp(name) {","      var style = document.body.style;","      if (name in style) return name;","","      var i = cssPrefixes.length,","          capName = name.charAt(0).toUpperCase() + name.slice(1),","          vendorName;","      while (i--) {","        vendorName = cssPrefixes[i] + capName;","        if (vendorName in style) return vendorName;","      }","","      return name;","    }","","    function getStyleProp(name) {","      name = camelCase(name);","      return cssProps[name] || (cssProps[name] = getVendorProp(name));","    }","","    function applyCss(element, prop, value) {","      prop = getStyleProp(prop);","      element.style[prop] = value;","    }","","    return function(element, properties) {","      var args = arguments,","          prop, ","          value;","","      if (args.length == 2) {","        for (prop in properties) {","          value = properties[prop];","          if (value !== undefined && properties.hasOwnProperty(prop)) applyCss(element, prop, value);","        }","      } else {","        applyCss(element, args[1], args[2]);","      }","    }","  })();","","  /**","   * (Internal) Determines if an element or space separated list of class names contains a class name.","   */","","  function hasClass(element, name) {","    var list = typeof element == 'string' ? element : classList(element);","    return list.indexOf(' ' + name + ' ') >= 0;","  }","","  /**","   * (Internal) Adds a class to an element.","   */","","  function addClass(element, name) {","    var oldList = classList(element),","        newList = oldList + name;","","    if (hasClass(oldList, name)) return; ","","    // Trim the opening space.","    element.className = newList.substring(1);","  }","","  /**","   * (Internal) Removes a class from an element.","   */","","  function removeClass(element, name) {","    var oldList = classList(element),","        newList;","","    if (!hasClass(element, name)) return;","","    // Replace the class name.","    newList = oldList.replace(' ' + name + ' ', ' ');","","    // Trim the opening and closing spaces.","    element.className = newList.substring(1, newList.length - 1);","  }","","  /**","   * (Internal) Gets a space separated list of the class names on the element. ","   * The list is wrapped with a single space on each end to facilitate finding ","   * matches within the list.","   */","","  function classList(element) {","    return (' ' + (element.className || '') + ' ').replace(/\\s+/gi, ' ');","  }","","  /**","   * (Internal) Removes an element from the DOM.","   */","","  function removeElement(element) {","    element && element.parentNode && element.parentNode.removeChild(element);","  }","","  return NProgress;","});","",""],"l":{"4":1,"6":1,"7":0,"8":1,"9":1,"11":0,"15":1,"17":1,"19":1,"41":1,"42":0,"43":0,"44":0,"45":0,"48":0,"55":1,"64":1,"65":0,"67":0,"68":0,"70":0,"75":0,"77":0,"79":0,"82":0,"84":0,"86":0,"90":0,"92":0,"93":0,"97":0,"98":0,"99":0,"103":0,"107":0,"110":1,"111":0,"121":1,"122":0,"124":0,"125":0,"126":0,"127":0,"128":0,"132":0,"134":0,"149":1,"150":0,"152":0,"159":1,"160":0,"162":0,"163":0,"165":0,"166":0,"169":0,"170":0,"174":1,"175":0,"184":1,"185":1,"187":1,"188":0,"189":0,"192":0,"193":0,"196":0,"197":0,"199":0,"200":0,"201":0,"202":0,"203":0,"205":0,"209":0,"219":1,"220":0,"222":0,"224":0,"225":0,"226":0,"228":0,"233":0,"238":0,"239":0,"240":0,"243":0,"244":0,"247":0,"248":0,"255":1,"256":0,"257":0,"258":0,"259":0,"266":1,"267":0,"274":1,"276":0,"279":0,"284":0,"286":0,"287":0,"289":0,"292":0,"300":1,"301":0,"302":0,"303":0,"311":1,"312":0,"321":1,"322":0,"324":0,"325":0,"326":0,"327":0,"329":0,"332":0,"334":0,"341":1,"342":1,"344":1,"345":0,"346":0,"347":0,"351":1,"352":0,"353":0,"365":1,"366":1,"369":1,"370":0,"371":0,"375":1,"376":0,"377":0,"379":0,"382":0,"383":0,"384":0,"387":0,"390":1,"391":0,"392":0,"395":1,"396":0,"397":0,"400":1,"401":0,"405":0,"406":0,"407":0,"408":0,"411":0,"420":1,"421":0,"422":0,"429":1,"430":0,"433":0,"436":0,"443":1,"444":0,"447":0,"450":0,"453":0,"462":1,"463":0,"470":1,"471":0,"474":1}}}